\BOOKMARK [0][-]{chapter*.1}{Preface}{}% 1
\BOOKMARK [0][-]{chapter*.2}{Summary}{}% 2
\BOOKMARK [0][-]{chapter.1}{Introduction}{}% 3
\BOOKMARK [0][-]{chapter.2}{The ecological niche concept}{}% 4
\BOOKMARK [1][-]{section.2.1}{Introduction}{chapter.2}% 5
\BOOKMARK [1][-]{section.2.2}{Ecological versus geographical space}{chapter.2}% 6
\BOOKMARK [1][-]{section.2.3}{Implicit assumptions when building and using species distribution modles}{chapter.2}% 7
\BOOKMARK [1][-]{section.2.4}{Spatial scale}{chapter.2}% 8
\BOOKMARK [0][-]{chapter.3}{Data}{}% 9
\BOOKMARK [1][-]{section.3.1}{Introduction}{chapter.3}% 10
\BOOKMARK [1][-]{section.3.2}{Predictor data}{chapter.3}% 11
\BOOKMARK [2][-]{subsection.3.2.1}{Vegetation Continuous Fields}{section.3.2}% 12
\BOOKMARK [2][-]{subsection.3.2.2}{Bioclimatic variables}{section.3.2}% 13
\BOOKMARK [2][-]{subsection.3.2.3}{Normalized Difference Vegetation Index}{section.3.2}% 14
\BOOKMARK [2][-]{subsection.3.2.4}{Digital elevation model}{section.3.2}% 15
\BOOKMARK [2][-]{subsection.3.2.5}{Land cover}{section.3.2}% 16
\BOOKMARK [2][-]{subsection.3.2.6}{Human Influence Index}{section.3.2}% 17
\BOOKMARK [2][-]{subsection.3.2.7}{Preprocessing of the predictor data}{section.3.2}% 18
\BOOKMARK [2][-]{subsection.3.2.8}{Exploratory analysis of the predictor data}{section.3.2}% 19
\BOOKMARK [1][-]{section.3.3}{Outcome data}{chapter.3}% 20
\BOOKMARK [2][-]{subsection.3.3.1}{Species considered}{section.3.3}% 21
\BOOKMARK [2][-]{subsection.3.3.2}{Global Biodiversity Information Facility}{section.3.3}% 22
\BOOKMARK [2][-]{subsection.3.3.3}{Forest Inventory and Analysis data}{section.3.3}% 23
\BOOKMARK [2][-]{subsection.3.3.4}{Data preparation}{section.3.3}% 24
\BOOKMARK [0][-]{chapter.4}{Classification techniques}{}% 25
\BOOKMARK [1][-]{section.4.1}{Introduction}{chapter.4}% 26
\BOOKMARK [1][-]{section.4.2}{Presence-absence data}{chapter.4}% 27
\BOOKMARK [2][-]{subsection.4.2.1}{Logistic regression}{section.4.2}% 28
\BOOKMARK [2][-]{subsection.4.2.2}{Generalized additive models}{section.4.2}% 29
\BOOKMARK [2][-]{subsection.4.2.3}{Artificial neural networks}{section.4.2}% 30
\BOOKMARK [2][-]{subsection.4.2.4}{Tree based methods}{section.4.2}% 31
\BOOKMARK [1][-]{section.4.3}{Presence-only data}{chapter.4}% 32
\BOOKMARK [2][-]{subsection.4.3.1}{Poisson point processes}{section.4.3}% 33
\BOOKMARK [2][-]{subsection.4.3.2}{Classification with pseudo-absences}{section.4.3}% 34
\BOOKMARK [2][-]{subsection.4.3.3}{Maximum Entropy modelling}{section.4.3}% 35
\BOOKMARK [1][-]{section.4.4}{Taking the scale hierarchy into account}{chapter.4}% 36
\BOOKMARK [0][-]{chapter.5}{Reducing the number of explanatory variables}{}% 37
\BOOKMARK [1][-]{section.5.1}{Introduction}{chapter.5}% 38
\BOOKMARK [1][-]{section.5.2}{Dimensionality reduction}{chapter.5}% 39
\BOOKMARK [2][-]{subsection.5.2.1}{Principal component analysis}{section.5.2}% 40
\BOOKMARK [2][-]{subsection.5.2.2}{Kernel principal component analysis}{section.5.2}% 41
\BOOKMARK [2][-]{subsection.5.2.3}{Presence versus background data}{section.5.2}% 42
\BOOKMARK [1][-]{section.5.3}{Regularization}{chapter.5}% 43
\BOOKMARK [2][-]{subsection.5.3.1}{Ridge regression / L2 regularization}{section.5.3}% 44
\BOOKMARK [2][-]{subsection.5.3.2}{Lasso / L1 regularization}{section.5.3}% 45
\BOOKMARK [2][-]{subsection.5.3.3}{glmnet implementation}{section.5.3}% 46
\BOOKMARK [1][-]{section.5.4}{Subset selection methods}{chapter.5}% 47
\BOOKMARK [2][-]{subsection.5.4.1}{Best subset selection}{section.5.4}% 48
\BOOKMARK [2][-]{subsection.5.4.2}{Stepwise subset selection}{section.5.4}% 49
\BOOKMARK [2][-]{subsection.5.4.3}{Univariate pre-screening}{section.5.4}% 50
\BOOKMARK [1][-]{section.5.5}{Taking the scale hierarchy into account}{chapter.5}% 51
\BOOKMARK [1][-]{section.5.6}{Meaningful combinations of classification and }{chapter.5}% 52
\BOOKMARK [0][-]{chapter.6}{Applications}{}% 53
\BOOKMARK [1][-]{section.6.1}{Introduction}{chapter.6}% 54
\BOOKMARK [1][-]{section.6.2}{Implementations and tuning parameters of the methods}{chapter.6}% 55
\BOOKMARK [1][-]{section.6.3}{AUC as a measure of classification performance in SDM}{chapter.6}% 56
\BOOKMARK [1][-]{section.6.4}{Presence-only data}{chapter.6}% 57
\BOOKMARK [2][-]{subsection.6.4.1}{Results}{section.6.4}% 58
\BOOKMARK [1][-]{section.6.5}{Presence-absence data}{chapter.6}% 59
\BOOKMARK [2][-]{subsection.6.5.1}{Case-control sampling}{section.6.5}% 60
\BOOKMARK [2][-]{subsection.6.5.2}{results}{section.6.5}% 61
\BOOKMARK [1][-]{section.6.6}{Discussion}{chapter.6}% 62
\BOOKMARK [0][-]{chapter.7}{Simulation study}{}% 63
\BOOKMARK [1][-]{section.7.1}{Introduction}{chapter.7}% 64
\BOOKMARK [1][-]{section.7.2}{Overview of the virtualspecies package and the simulation set-up}{chapter.7}% 65
\BOOKMARK [1][-]{section.7.3}{Results}{chapter.7}% 66
\BOOKMARK [1][-]{section.7.4}{Discussion}{chapter.7}% 67
\BOOKMARK [0][-]{chapter.8}{Conclusion}{}% 68
\BOOKMARK [1][-]{section.8.1}{}{chapter.8}% 69
\BOOKMARK [1][-]{section.8.2}{Future research}{chapter.8}% 70
\BOOKMARK [0][-]{chapter*.33}{Bibliography}{}% 71
